# JRE version: Java(TM) SE Runtime Environment (8.0_201-b09) (build 1.8.0_201-b09)
# Java VM: Java HotSpot(TM) 64-Bit Server VM (25.201-b09 mixed mode linux-amd64 compressed oops)
Heap:
 PSYoungGen      total 134144K, used 9719K [0x00000000d7b00000, 0x00000000e0800000, 0x0000000100000000)
  eden space 124416K, 0% used [0x00000000d7b00000,0x00000000d7b00000,0x00000000df480000)
  from space 9728K, 99% used [0x00000000df480000,0x00000000dfdfdcf8,0x00000000dfe00000)
  to   space 9216K, 0% used [0x00000000dfe00000,0x00000000dfe00000,0x00000000e0700000)
 ParOldGen       total 83456K, used 14771K [0x0000000087000000, 0x000000008c180000, 0x00000000d7b00000)
  object space 83456K, 17% used [0x0000000087000000,0x0000000087e6cc78,0x000000008c180000)
 Metaspace       used 20548K, capacity 21088K, committed 21296K, reserved 1069056K
  class space    used 2432K, capacity 2574K, committed 2688K, reserved 1048576K
GC Heap History (10 events):
Event: 1.892 GC heap after
Heap after GC invocations=2 (full 0):
 PSYoungGen      total 36352K, used 5107K [0x00000000d7b00000, 0x00000000da380000, 0x0000000100000000)
  eden space 31232K, 0% used [0x00000000d7b00000,0x00000000d7b00000,0x00000000d9980000)
  from space 5120K, 99% used [0x00000000d9e80000,0x00000000da37cea0,0x00000000da380000)
  to   space 5120K, 0% used [0x00000000d9980000,0x00000000d9980000,0x00000000d9e80000)
 ParOldGen       total 83456K, used 1463K [0x0000000087000000, 0x000000008c180000, 0x00000000d7b00000)
  object space 83456K, 1% used [0x0000000087000000,0x000000008716dcb0,0x000000008c180000)
 Metaspace       used 12722K, capacity 13122K, committed 13312K, reserved 1060864K
  class space    used 1563K, capacity 1692K, committed 1792K, reserved 1048576K
}
Event: 2.239 GC heap before
{Heap before GC invocations=3 (full 0):
 PSYoungGen      total 36352K, used 36339K [0x00000000d7b00000, 0x00000000da380000, 0x0000000100000000)
  eden space 31232K, 100% used [0x00000000d7b00000,0x00000000d9980000,0x00000000d9980000)
  from space 5120K, 99% used [0x00000000d9e80000,0x00000000da37cea0,0x00000000da380000)
  to   space 5120K, 0% used [0x00000000d9980000,0x00000000d9980000,0x00000000d9e80000)
 ParOldGen       total 83456K, used 1463K [0x0000000087000000, 0x000000008c180000, 0x00000000d7b00000)
  object space 83456K, 1% used [0x0000000087000000,0x000000008716dcb0,0x000000008c180000)
 Metaspace       used 13406K, capacity 13768K, committed 14080K, reserved 1060864K
  class space    used 1628K, capacity 1732K, committed 1792K, reserved 1048576K
Event: 2.247 GC heap after
Heap after GC invocations=3 (full 0):
 PSYoungGen      total 36352K, used 5104K [0x00000000d7b00000, 0x00000000dc200000, 0x0000000100000000)
  eden space 31232K, 0% used [0x00000000d7b00000,0x00000000d7b00000,0x00000000d9980000)
  from space 5120K, 99% used [0x00000000d9980000,0x00000000d9e7c030,0x00000000d9e80000)
  to   space 5120K, 0% used [0x00000000dbd00000,0x00000000dbd00000,0x00000000dc200000)
 ParOldGen       total 83456K, used 2233K [0x0000000087000000, 0x000000008c180000, 0x00000000d7b00000)
  object space 83456K, 2% used [0x0000000087000000,0x000000008722e440,0x000000008c180000)
 Metaspace       used 13406K, capacity 13768K, committed 14080K, reserved 1060864K
  class space    used 1628K, capacity 1732K, committed 1792K, reserved 1048576K
}
Event: 2.561 GC heap before
{Heap before GC invocations=4 (full 0):
 PSYoungGen      total 36352K, used 36336K [0x00000000d7b00000, 0x00000000dc200000, 0x0000000100000000)
  eden space 31232K, 100% used [0x00000000d7b00000,0x00000000d9980000,0x00000000d9980000)
  from space 5120K, 99% used [0x00000000d9980000,0x00000000d9e7c030,0x00000000d9e80000)
  to   space 5120K, 0% used [0x00000000dbd00000,0x00000000dbd00000,0x00000000dc200000)
 ParOldGen       total 83456K, used 2233K [0x0000000087000000, 0x000000008c180000, 0x00000000d7b00000)
  object space 83456K, 2% used [0x0000000087000000,0x000000008722e440,0x000000008c180000)
 Metaspace       used 14007K, capacity 14432K, committed 14720K, reserved 1062912K
  class space    used 1698K, capacity 1804K, committed 1920K, reserved 1048576K
Event: 2.572 GC heap after
Heap after GC invocations=4 (full 0):
 PSYoungGen      total 67584K, used 5088K [0x00000000d7b00000, 0x00000000dc200000, 0x0000000100000000)
  eden space 62464K, 0% used [0x00000000d7b00000,0x00000000d7b00000,0x00000000db800000)
  from space 5120K, 99% used [0x00000000dbd00000,0x00000000dc1f8020,0x00000000dc200000)
  to   space 5120K, 0% used [0x00000000db800000,0x00000000db800000,0x00000000dbd00000)
 ParOldGen       total 83456K, used 3966K [0x0000000087000000, 0x000000008c180000, 0x00000000d7b00000)
  object space 83456K, 4% used [0x0000000087000000,0x00000000873df8e0,0x000000008c180000)
 Metaspace       used 14007K, capacity 14432K, committed 14720K, reserved 1062912K
  class space    used 1698K, capacity 1804K, committed 1920K, reserved 1048576K
}
Event: 3.177 GC heap before
{Heap before GC invocations=5 (full 0):
 PSYoungGen      total 67584K, used 67552K [0x00000000d7b00000, 0x00000000dc200000, 0x0000000100000000)
  eden space 62464K, 100% used [0x00000000d7b00000,0x00000000db800000,0x00000000db800000)
  from space 5120K, 99% used [0x00000000dbd00000,0x00000000dc1f8020,0x00000000dc200000)
  to   space 5120K, 0% used [0x00000000db800000,0x00000000db800000,0x00000000dbd00000)
 ParOldGen       total 83456K, used 3966K [0x0000000087000000, 0x000000008c180000, 0x00000000d7b00000)
  object space 83456K, 4% used [0x0000000087000000,0x00000000873df8e0,0x000000008c180000)
 Metaspace       used 14840K, capacity 15244K, committed 15488K, reserved 1062912K
  class space    used 1756K, capacity 1879K, committed 1920K, reserved 1048576K
Event: 3.190 GC heap after
Heap after GC invocations=5 (full 0):
 PSYoungGen      total 67584K, used 5088K [0x00000000d7b00000, 0x00000000e0700000, 0x0000000100000000)
  eden space 62464K, 0% used [0x00000000d7b00000,0x00000000d7b00000,0x00000000db800000)
  from space 5120K, 99% used [0x00000000db800000,0x00000000dbcf8020,0x00000000dbd00000)
  to   space 9216K, 0% used [0x00000000dfe00000,0x00000000dfe00000,0x00000000e0700000)
 ParOldGen       total 83456K, used 7123K [0x0000000087000000, 0x000000008c180000, 0x00000000d7b00000)
  object space 83456K, 8% used [0x0000000087000000,0x00000000876f4ed0,0x000000008c180000)
 Metaspace       used 14840K, capacity 15244K, committed 15488K, reserved 1062912K
  class space    used 1756K, capacity 1879K, committed 1920K, reserved 1048576K
}
Event: 3.773 GC heap before
{Heap before GC invocations=6 (full 0):
 PSYoungGen      total 67584K, used 67552K [0x00000000d7b00000, 0x00000000e0700000, 0x0000000100000000)
  eden space 62464K, 100% used [0x00000000d7b00000,0x00000000db800000,0x00000000db800000)
  from space 5120K, 99% used [0x00000000db800000,0x00000000dbcf8020,0x00000000dbd00000)
  to   space 9216K, 0% used [0x00000000dfe00000,0x00000000dfe00000,0x00000000e0700000)
 ParOldGen       total 83456K, used 7123K [0x0000000087000000, 0x000000008c180000, 0x00000000d7b00000)
  object space 83456K, 8% used [0x0000000087000000,0x00000000876f4ed0,0x000000008c180000)
 Metaspace       used 18862K, capacity 19456K, committed 19584K, reserved 1067008K
  class space    used 2278K, capacity 2414K, committed 2432K, reserved 1048576K
Event: 3.790 GC heap after
Heap after GC invocations=6 (full 0):
 PSYoungGen      total 133632K, used 8281K [0x00000000d7b00000, 0x00000000e0800000, 0x0000000100000000)
  eden space 124416K, 0% used [0x00000000d7b00000,0x00000000d7b00000,0x00000000df480000)
  from space 9216K, 89% used [0x00000000dfe00000,0x00000000e0616738,0x00000000e0700000)
  to   space 9728K, 0% used [0x00000000df480000,0x00000000df480000,0x00000000dfe00000)
 ParOldGen       total 83456K, used 7131K [0x0000000087000000, 0x000000008c180000, 0x00000000d7b00000)
  object space 83456K, 8% used [0x0000000087000000,0x00000000876f6ed0,0x000000008c180000)
 Metaspace       used 18862K, capacity 19456K, committed 19584K, reserved 1067008K
  class space    used 2278K, capacity 2414K, committed 2432K, reserved 1048576K
}
Event: 4.666 GC heap before
{Heap before GC invocations=7 (full 0):
 PSYoungGen      total 133632K, used 48050K [0x00000000d7b00000, 0x00000000e0800000, 0x0000000100000000)
  eden space 124416K, 31% used [0x00000000d7b00000,0x00000000da1d6228,0x00000000df480000)
  from space 9216K, 89% used [0x00000000dfe00000,0x00000000e0616738,0x00000000e0700000)
  to   space 9728K, 0% used [0x00000000df480000,0x00000000df480000,0x00000000dfe00000)
 ParOldGen       total 83456K, used 7131K [0x0000000087000000, 0x000000008c180000, 0x00000000d7b00000)
  object space 83456K, 8% used [0x0000000087000000,0x00000000876f6ed0,0x000000008c180000)
 Metaspace       used 20548K, capacity 21088K, committed 21296K, reserved 1069056K
  class space    used 2432K, capacity 2574K, committed 2688K, reserved 1048576K

