# JRE version: Java(TM) SE Runtime Environment (8.0_201-b09) (build 1.8.0_201-b09)
# Java VM: Java HotSpot(TM) 64-Bit Server VM (25.201-b09 mixed mode linux-amd64 compressed oops)
Heap:
 PSYoungGen      total 134144K, used 9714K [0x00000000d7b00000, 0x00000000e0800000, 0x0000000100000000)
  eden space 124416K, 0% used [0x00000000d7b00000,0x00000000d7b00000,0x00000000df480000)
  from space 9728K, 99% used [0x00000000df480000,0x00000000dfdfc8e8,0x00000000dfe00000)
  to   space 9216K, 0% used [0x00000000dfe00000,0x00000000dfe00000,0x00000000e0700000)
 ParOldGen       total 83456K, used 15230K [0x0000000087000000, 0x000000008c180000, 0x00000000d7b00000)
  object space 83456K, 18% used [0x0000000087000000,0x0000000087edf840,0x000000008c180000)
 Metaspace       used 20631K, capacity 21074K, committed 21296K, reserved 1069056K
  class space    used 2420K, capacity 2565K, committed 2688K, reserved 1048576K
GC Heap History (10 events):
Event: 1.202 GC heap after
Heap after GC invocations=2 (full 0):
 PSYoungGen      total 36352K, used 5115K [0x00000000d7b00000, 0x00000000dc200000, 0x0000000100000000)
  eden space 31232K, 0% used [0x00000000d7b00000,0x00000000d7b00000,0x00000000d9980000)
  from space 5120K, 99% used [0x00000000d9e80000,0x00000000da37ec00,0x00000000da380000)
  to   space 5120K, 0% used [0x00000000d9980000,0x00000000d9980000,0x00000000d9e80000)
 ParOldGen       total 83456K, used 1493K [0x0000000087000000, 0x000000008c180000, 0x00000000d7b00000)
  object space 83456K, 1% used [0x0000000087000000,0x0000000087175418,0x000000008c180000)
 Metaspace       used 12937K, capacity 13266K, committed 13568K, reserved 1060864K
  class space    used 1592K, capacity 1692K, committed 1792K, reserved 1048576K
}
Event: 1.515 GC heap before
{Heap before GC invocations=3 (full 0):
 PSYoungGen      total 36352K, used 36347K [0x00000000d7b00000, 0x00000000dc200000, 0x0000000100000000)
  eden space 31232K, 100% used [0x00000000d7b00000,0x00000000d9980000,0x00000000d9980000)
  from space 5120K, 99% used [0x00000000d9e80000,0x00000000da37ec00,0x00000000da380000)
  to   space 5120K, 0% used [0x00000000d9980000,0x00000000d9980000,0x00000000d9e80000)
 ParOldGen       total 83456K, used 1493K [0x0000000087000000, 0x000000008c180000, 0x00000000d7b00000)
  object space 83456K, 1% used [0x0000000087000000,0x0000000087175418,0x000000008c180000)
 Metaspace       used 13425K, capacity 13816K, committed 14080K, reserved 1060864K
  class space    used 1629K, capacity 1764K, committed 1792K, reserved 1048576K
Event: 1.522 GC heap after
Heap after GC invocations=3 (full 0):
 PSYoungGen      total 36352K, used 5088K [0x00000000d7b00000, 0x00000000dc200000, 0x0000000100000000)
  eden space 31232K, 0% used [0x00000000d7b00000,0x00000000d7b00000,0x00000000d9980000)
  from space 5120K, 99% used [0x00000000d9980000,0x00000000d9e78020,0x00000000d9e80000)
  to   space 5120K, 0% used [0x00000000dbd00000,0x00000000dbd00000,0x00000000dc200000)
 ParOldGen       total 83456K, used 2263K [0x0000000087000000, 0x000000008c180000, 0x00000000d7b00000)
  object space 83456K, 2% used [0x0000000087000000,0x0000000087235cf0,0x000000008c180000)
 Metaspace       used 13425K, capacity 13816K, committed 14080K, reserved 1060864K
  class space    used 1629K, capacity 1764K, committed 1792K, reserved 1048576K
}
Event: 1.757 GC heap before
{Heap before GC invocations=4 (full 0):
 PSYoungGen      total 36352K, used 36320K [0x00000000d7b00000, 0x00000000dc200000, 0x0000000100000000)
  eden space 31232K, 100% used [0x00000000d7b00000,0x00000000d9980000,0x00000000d9980000)
  from space 5120K, 99% used [0x00000000d9980000,0x00000000d9e78020,0x00000000d9e80000)
  to   space 5120K, 0% used [0x00000000dbd00000,0x00000000dbd00000,0x00000000dc200000)
 ParOldGen       total 83456K, used 2263K [0x0000000087000000, 0x000000008c180000, 0x00000000d7b00000)
  object space 83456K, 2% used [0x0000000087000000,0x0000000087235cf0,0x000000008c180000)
 Metaspace       used 13781K, capacity 14136K, committed 14336K, reserved 1062912K
  class space    used 1647K, capacity 1764K, committed 1792K, reserved 1048576K
Event: 1.763 GC heap after
Heap after GC invocations=4 (full 0):
 PSYoungGen      total 67584K, used 5104K [0x00000000d7b00000, 0x00000000dc200000, 0x0000000100000000)
  eden space 62464K, 0% used [0x00000000d7b00000,0x00000000d7b00000,0x00000000db800000)
  from space 5120K, 99% used [0x00000000dbd00000,0x00000000dc1fc030,0x00000000dc200000)
  to   space 5120K, 0% used [0x00000000db800000,0x00000000db800000,0x00000000dbd00000)
 ParOldGen       total 83456K, used 3588K [0x0000000087000000, 0x000000008c180000, 0x00000000d7b00000)
  object space 83456K, 4% used [0x0000000087000000,0x0000000087381350,0x000000008c180000)
 Metaspace       used 13781K, capacity 14136K, committed 14336K, reserved 1062912K
  class space    used 1647K, capacity 1764K, committed 1792K, reserved 1048576K
}
Event: 2.261 GC heap before
{Heap before GC invocations=5 (full 0):
 PSYoungGen      total 67584K, used 67568K [0x00000000d7b00000, 0x00000000dc200000, 0x0000000100000000)
  eden space 62464K, 100% used [0x00000000d7b00000,0x00000000db800000,0x00000000db800000)
  from space 5120K, 99% used [0x00000000dbd00000,0x00000000dc1fc030,0x00000000dc200000)
  to   space 5120K, 0% used [0x00000000db800000,0x00000000db800000,0x00000000dbd00000)
 ParOldGen       total 83456K, used 3588K [0x0000000087000000, 0x000000008c180000, 0x00000000d7b00000)
  object space 83456K, 4% used [0x0000000087000000,0x0000000087381350,0x000000008c180000)
 Metaspace       used 14960K, capacity 15470K, committed 15744K, reserved 1062912K
  class space    used 1771K, capacity 1909K, committed 1920K, reserved 1048576K
Event: 2.276 GC heap after
Heap after GC invocations=5 (full 0):
 PSYoungGen      total 67584K, used 5104K [0x00000000d7b00000, 0x00000000e0700000, 0x0000000100000000)
  eden space 62464K, 0% used [0x00000000d7b00000,0x00000000d7b00000,0x00000000db800000)
  from space 5120K, 99% used [0x00000000db800000,0x00000000dbcfc010,0x00000000dbd00000)
  to   space 9216K, 0% used [0x00000000dfe00000,0x00000000dfe00000,0x00000000e0700000)
 ParOldGen       total 83456K, used 7471K [0x0000000087000000, 0x000000008c180000, 0x00000000d7b00000)
  object space 83456K, 8% used [0x0000000087000000,0x000000008774bca8,0x000000008c180000)
 Metaspace       used 14960K, capacity 15470K, committed 15744K, reserved 1062912K
  class space    used 1771K, capacity 1909K, committed 1920K, reserved 1048576K
}
Event: 2.629 GC heap before
{Heap before GC invocations=6 (full 0):
 PSYoungGen      total 67584K, used 67544K [0x00000000d7b00000, 0x00000000e0700000, 0x0000000100000000)
  eden space 62464K, 99% used [0x00000000d7b00000,0x00000000db7fa2c8,0x00000000db800000)
  from space 5120K, 99% used [0x00000000db800000,0x00000000dbcfc010,0x00000000dbd00000)
  to   space 9216K, 0% used [0x00000000dfe00000,0x00000000dfe00000,0x00000000e0700000)
 ParOldGen       total 83456K, used 7471K [0x0000000087000000, 0x000000008c180000, 0x00000000d7b00000)
  object space 83456K, 8% used [0x0000000087000000,0x000000008774bca8,0x000000008c180000)
 Metaspace       used 18752K, capacity 19250K, committed 19328K, reserved 1067008K
  class space    used 2265K, capacity 2405K, committed 2432K, reserved 1048576K
Event: 2.645 GC heap after
Heap after GC invocations=6 (full 0):
 PSYoungGen      total 133632K, used 7919K [0x00000000d7b00000, 0x00000000e0800000, 0x0000000100000000)
  eden space 124416K, 0% used [0x00000000d7b00000,0x00000000d7b00000,0x00000000df480000)
  from space 9216K, 85% used [0x00000000dfe00000,0x00000000e05bbcc0,0x00000000e0700000)
  to   space 9728K, 0% used [0x00000000df480000,0x00000000df480000,0x00000000dfe00000)
 ParOldGen       total 83456K, used 7479K [0x0000000087000000, 0x000000008c180000, 0x00000000d7b00000)
  object space 83456K, 8% used [0x0000000087000000,0x000000008774dca8,0x000000008c180000)
 Metaspace       used 18752K, capacity 19250K, committed 19328K, reserved 1067008K
  class space    used 2265K, capacity 2405K, committed 2432K, reserved 1048576K
}
Event: 3.212 GC heap before
{Heap before GC invocations=7 (full 0):
 PSYoungGen      total 133632K, used 46532K [0x00000000d7b00000, 0x00000000e0800000, 0x0000000100000000)
  eden space 124416K, 31% used [0x00000000d7b00000,0x00000000da0b5410,0x00000000df480000)
  from space 9216K, 85% used [0x00000000dfe00000,0x00000000e05bbcc0,0x00000000e0700000)
  to   space 9728K, 0% used [0x00000000df480000,0x00000000df480000,0x00000000dfe00000)
 ParOldGen       total 83456K, used 7479K [0x0000000087000000, 0x000000008c180000, 0x00000000d7b00000)
  object space 83456K, 8% used [0x0000000087000000,0x000000008774dca8,0x000000008c180000)
 Metaspace       used 20631K, capacity 21074K, committed 21296K, reserved 1069056K
  class space    used 2420K, capacity 2565K, committed 2688K, reserved 1048576K

